#
# There is insufficient memory for the Java Runtime Environment to continue.
# Native memory allocation (malloc) failed to allocate 1048576 bytes. Error detail: AllocateHeap
# Possible reasons:
#   The system is out of physical RAM or swap space
#   This process is running with CompressedOops enabled, and the Java Heap may be blocking the growth of the native heap
# Possible solutions:
#   Reduce memory load on the system
#   Increase physical memory or swap space
#   Check if swap backing store is full
#   Decrease Java heap size (-Xmx/-Xms)
#   Decrease number of Java threads
#   Decrease Java thread stack sizes (-Xss)
#   Set larger code cache with -XX:ReservedCodeCacheSize=
#   JVM is running with Unscaled Compressed Oops mode in which the Java heap is
#     placed in the first 4GB address space. The Java Heap base address is the
#     maximum limit for the native heap growth. Please use -XX:HeapBaseMinAddress
#     to set the Java Heap base and to place the Java Heap above 4GB virtual address.
# This output file may be truncated or incomplete.
#
#  Out of Memory Error (allocation.cpp:44), pid=19432, tid=36784
#
# JRE version: OpenJDK Runtime Environment Temurin-21.0.8+9 (21.0.8+9) (build 21.0.8+9-LTS)
# Java VM: OpenJDK 64-Bit Server VM Temurin-21.0.8+9 (21.0.8+9-LTS, mixed mode, sharing, tiered, compressed oops, compressed class ptrs, parallel gc, windows-amd64)
# No core dump will be written. Minidumps are not enabled by default on client versions of Windows
#

---------------  S U M M A R Y ------------

Command Line: --add-modules=ALL-SYSTEM --add-opens=java.base/java.util=ALL-UNNAMED --add-opens=java.base/java.lang=ALL-UNNAMED --add-opens=java.base/sun.nio.fs=ALL-UNNAMED -Declipse.application=org.eclipse.jdt.ls.core.id1 -Dosgi.bundles.defaultStartLevel=4 -Declipse.product=org.eclipse.jdt.ls.core.product -Djava.import.generatesMetadataFilesAtProjectRoot=false -DDetectVMInstallationsJob.disabled=true -Dfile.encoding=utf8 -XX:+UseParallelGC -XX:GCTimeRatio=4 -XX:AdaptiveSizePolicyWeight=90 -Dsun.zip.disableMemoryMapping=true -Xmx2G -Xms100m -Xlog:disable -javaagent:c:\Users\gudis\.vscode\extensions\redhat.java-1.45.0-win32-x64\lombok\lombok-1.18.39-4050.jar -XX:+HeapDumpOnOutOfMemoryError -XX:HeapDumpPath=c:\Users\gudis\AppData\Roaming\Code\User\workspaceStorage\cfdb1395cd505deee60dbbe02171b355\redhat.java -Daether.dependencyCollector.impl=bf c:\Users\gudis\.vscode\extensions\redhat.java-1.45.0-win32-x64\server\plugins\org.eclipse.equinox.launcher_1.7.0.v20250519-0528.jar -configuration c:\Users\gudis\AppData\Roaming\Code\User\globalStorage\redhat.java\1.45.0\config_win -data c:\Users\gudis\AppData\Roaming\Code\User\workspaceStorage\cfdb1395cd505deee60dbbe02171b355\redhat.java\jdt_ws --pipe=\\.\pipe\lsp-1946cfb181a77bd07c847beb20c0f8cc-sock

Host: 11th Gen Intel(R) Core(TM) i7-1165G7 @ 2.80GHz, 8 cores, 15G,  Windows 11 , 64 bit Build 22000 (10.0.22000.2538)
Time: Fri Sep 26 00:44:26 2025 India Standard Time elapsed time: 369.050338 seconds (0d 0h 6m 9s)

---------------  T H R E A D  ---------------

Current thread (0x000001aa395d2a30):  JavaThread "Attach Listener" daemon [_thread_in_vm, id=36784, stack(0x0000002fcd100000,0x0000002fcd200000) (1024K)]

Stack: [0x0000002fcd100000,0x0000002fcd200000]
Native frames: (J=compiled Java code, j=interpreted, Vv=VM code, C=native code)
V  [jvm.dll+0x6d2449]
V  [jvm.dll+0x8ae341]
V  [jvm.dll+0x8b08be]
V  [jvm.dll+0x8b0fa3]
V  [jvm.dll+0x280c96]
V  [jvm.dll+0xc0347]
V  [jvm.dll+0x6d2cf9]
V  [jvm.dll+0x131116]
V  [jvm.dll+0x3f2d16]
V  [jvm.dll+0x857e6b]
V  [jvm.dll+0x6d0b0d]
C  [ucrtbase.dll+0x26c0c]
C  [KERNEL32.DLL+0x153e0]
C  [ntdll.dll+0x485b]


---------------  P R O C E S S  ---------------

Threads class SMR info:
_java_thread_list=0x000001aa0abc6610, length=60, elements={
0x000001aa22b6e170, 0x000001aa395cd1b0, 0x000001aa395ce910, 0x000001aa395d0b10,
0x000001aa395d2a30, 0x000001aa395d61d0, 0x000001aa395d7c30, 0x000001aa395d8a60,
0x000001aa395f8760, 0x000001aa040a1660, 0x000001aa0430f770, 0x000001aa04bddbf0,
0x000001aa042680d0, 0x000001aa04af1ba0, 0x000001aa049e0540, 0x000001aa04dd4620,
0x000001aa044bbee0, 0x000001aa04e0dbd0, 0x000001aa04e0ef80, 0x000001aa04e10330,
0x000001aa084fac20, 0x000001aa084f77a0, 0x000001aa084fb2b0, 0x000001aa084fc660,
0x000001aa084fccf0, 0x000001aa084f91e0, 0x000001aa084fedc0, 0x000001aa084f9870,
0x000001aa084fb940, 0x000001aa084f84c0, 0x000001aa084fbfd0, 0x000001aa084fa590,
0x000001aa084fe0a0, 0x000001aa09527420, 0x000001aa0952a210, 0x000001aa0952d000,
0x000001aa0952bc50, 0x000001aa0952c970, 0x000001aa09526700, 0x000001aa095287d0,
0x000001aa095294f0, 0x000001aa09529b80, 0x000001aa084fda10, 0x000001aa084f8b50,
0x000001aa04e0fca0, 0x000001aa04e0e8f0, 0x000001aa04e0ceb0, 0x000001aa07ca96c0,
0x000001aa07ca9d50, 0x000001aa0952a8a0, 0x000001aa0952af30, 0x000001aa0b492140,
0x000001aa0b491ab0, 0x000001aa0b492e60, 0x000001aa0b497000, 0x000001aa0b497d20,
0x000001aa0b4934f0, 0x000001aa0b4927d0, 0x000001aa0b493b80, 0x000001aa0b494210
}

Java Threads: ( => current thread )
  0x000001aa22b6e170 JavaThread "main"                              [_thread_blocked, id=7684, stack(0x0000002fcca00000,0x0000002fccb00000) (1024K)]
  0x000001aa395cd1b0 JavaThread "Reference Handler"          daemon [_thread_blocked, id=27652, stack(0x0000002fcce00000,0x0000002fccf00000) (1024K)]
  0x000001aa395ce910 JavaThread "Finalizer"                  daemon [_thread_blocked, id=15344, stack(0x0000002fccf00000,0x0000002fcd000000) (1024K)]
  0x000001aa395d0b10 JavaThread "Signal Dispatcher"          daemon [_thread_blocked, id=30516, stack(0x0000002fcd000000,0x0000002fcd100000) (1024K)]
=>0x000001aa395d2a30 JavaThread "Attach Listener"            daemon [_thread_in_vm, id=36784, stack(0x0000002fcd100000,0x0000002fcd200000) (1024K)]
  0x000001aa395d61d0 JavaThread "Service Thread"             daemon [_thread_blocked, id=17168, stack(0x0000002fcd200000,0x0000002fcd300000) (1024K)]
  0x000001aa395d7c30 JavaThread "Monitor Deflation Thread"   daemon [_thread_blocked, id=13120, stack(0x0000002fcd300000,0x0000002fcd400000) (1024K)]
  0x000001aa395d8a60 JavaThread "C2 CompilerThread0"         daemon [_thread_blocked, id=34528, stack(0x0000002fcd400000,0x0000002fcd500000) (1024K)]
  0x000001aa395f8760 JavaThread "C1 CompilerThread0"         daemon [_thread_blocked, id=36684, stack(0x0000002fcd500000,0x0000002fcd600000) (1024K)]
  0x000001aa040a1660 JavaThread "Common-Cleaner"             daemon [_thread_blocked, id=24344, stack(0x0000002fcd600000,0x0000002fcd700000) (1024K)]
  0x000001aa0430f770 JavaThread "Notification Thread"        daemon [_thread_blocked, id=37932, stack(0x0000002fcd800000,0x0000002fcd900000) (1024K)]
  0x000001aa04bddbf0 JavaThread "Active Thread: Equinox Container: 9d97ee58-54b3-4c50-bf96-59f86c7b0393"        [_thread_blocked, id=19376, stack(0x0000002fce000000,0x0000002fce100000) (1024K)]
  0x000001aa042680d0 JavaThread "Refresh Thread: Equinox Container: 9d97ee58-54b3-4c50-bf96-59f86c7b0393" daemon [_thread_blocked, id=13920, stack(0x0000002fcd700000,0x0000002fcd800000) (1024K)]
  0x000001aa04af1ba0 JavaThread "Framework Event Dispatcher: Equinox Container: 9d97ee58-54b3-4c50-bf96-59f86c7b0393" daemon [_thread_blocked, id=1076, stack(0x0000002fce100000,0x0000002fce200000) (1024K)]
  0x000001aa049e0540 JavaThread "Start Level: Equinox Container: 9d97ee58-54b3-4c50-bf96-59f86c7b0393" daemon [_thread_blocked, id=13112, stack(0x0000002fce200000,0x0000002fce300000) (1024K)]
  0x000001aa04dd4620 JavaThread "Bundle File Closer"         daemon [_thread_blocked, id=35120, stack(0x0000002fce400000,0x0000002fce500000) (1024K)]
  0x000001aa044bbee0 JavaThread "SCR Component Actor"        daemon [_thread_blocked, id=3068, stack(0x0000002fce500000,0x0000002fce600000) (1024K)]
  0x000001aa04e0dbd0 JavaThread "Worker-JM"                         [_thread_blocked, id=38812, stack(0x0000002fce700000,0x0000002fce800000) (1024K)]
  0x000001aa04e0ef80 JavaThread "Java indexing"              daemon [_thread_blocked, id=27148, stack(0x0000002fceb00000,0x0000002fcec00000) (1024K)]
  0x000001aa04e10330 JavaThread "JNA Cleaner"                daemon [_thread_blocked, id=39072, stack(0x0000002fcec00000,0x0000002fced00000) (1024K)]
  0x000001aa084fac20 JavaThread "Thread-2"                   daemon [_thread_in_native, id=11904, stack(0x0000002fcf000000,0x0000002fcf100000) (1024K)]
  0x000001aa084f77a0 JavaThread "Thread-3"                   daemon [_thread_in_native, id=24592, stack(0x0000002fcf100000,0x0000002fcf200000) (1024K)]
  0x000001aa084fb2b0 JavaThread "Thread-4"                   daemon [_thread_in_native, id=33004, stack(0x0000002fcf200000,0x0000002fcf300000) (1024K)]
  0x000001aa084fc660 JavaThread "Thread-5"                   daemon [_thread_in_native, id=38792, stack(0x0000002fcf300000,0x0000002fcf400000) (1024K)]
  0x000001aa084fccf0 JavaThread "Thread-6"                   daemon [_thread_in_native, id=11936, stack(0x0000002fcf400000,0x0000002fcf500000) (1024K)]
  0x000001aa084f91e0 JavaThread "Thread-7"                   daemon [_thread_in_native, id=20736, stack(0x0000002fcf500000,0x0000002fcf600000) (1024K)]
  0x000001aa084fedc0 JavaThread "Thread-8"                   daemon [_thread_in_native, id=38488, stack(0x0000002fcf600000,0x0000002fcf700000) (1024K)]
  0x000001aa084f9870 JavaThread "Thread-9"                   daemon [_thread_in_native, id=12712, stack(0x0000002fcf700000,0x0000002fcf800000) (1024K)]
  0x000001aa084fb940 JavaThread "Thread-10"                  daemon [_thread_in_native, id=35636, stack(0x0000002fcf800000,0x0000002fcf900000) (1024K)]
  0x000001aa084f84c0 JavaThread "pool-2-thread-1"                   [_thread_blocked, id=29532, stack(0x0000002fcf900000,0x0000002fcfa00000) (1024K)]
  0x000001aa084fbfd0 JavaThread "WorkspaceEventsHandler"            [_thread_blocked, id=22612, stack(0x0000002fcfa00000,0x0000002fcfb00000) (1024K)]
  0x000001aa084fa590 JavaThread "pool-1-thread-1"                   [_thread_blocked, id=30048, stack(0x0000002fcfb00000,0x0000002fcfc00000) (1024K)]
  0x000001aa084fe0a0 JavaThread "Timer-0"                           [_thread_blocked, id=1544, stack(0x0000002fd0000000,0x0000002fd0100000) (1024K)]
  0x000001aa09527420 JavaThread "Timer-1"                           [_thread_blocked, id=37032, stack(0x0000002fd0100000,0x0000002fd0200000) (1024K)]
  0x000001aa0952a210 JavaThread "Timer-2"                           [_thread_blocked, id=21852, stack(0x0000002fd0200000,0x0000002fd0300000) (1024K)]
  0x000001aa0952d000 JavaThread "Timer-3"                           [_thread_blocked, id=28164, stack(0x0000002fd0300000,0x0000002fd0400000) (1024K)]
  0x000001aa0952bc50 JavaThread "Timer-4"                           [_thread_blocked, id=36296, stack(0x0000002fd0400000,0x0000002fd0500000) (1024K)]
  0x000001aa0952c970 JavaThread "Timer-5"                           [_thread_blocked, id=17052, stack(0x0000002fce600000,0x0000002fce700000) (1024K)]
  0x000001aa09526700 JavaThread "Timer-6"                           [_thread_blocked, id=7260, stack(0x0000002fcea00000,0x0000002fceb00000) (1024K)]
  0x000001aa095287d0 JavaThread "Worker-7"                          [_thread_blocked, id=18692, stack(0x0000002fcc900000,0x0000002fcca00000) (1024K)]
  0x000001aa095294f0 JavaThread "Worker-9"                          [_thread_blocked, id=26948, stack(0x0000002fcee00000,0x0000002fcef00000) (1024K)]
  0x000001aa09529b80 JavaThread "LocalFile Deleter"          daemon [_thread_blocked, id=6308, stack(0x0000002fcfe00000,0x0000002fcff00000) (1024K)]
  0x000001aa084fda10 JavaThread "Compiler Source File Reader" daemon [_thread_blocked, id=12032, stack(0x0000002fd0700000,0x0000002fd0800000) (1024K)]
  0x000001aa084f8b50 JavaThread "Compiler Source File Reader" daemon [_thread_blocked, id=28708, stack(0x0000002fce900000,0x0000002fcea00000) (1024K)]
  0x000001aa04e0fca0 JavaThread "Compiler Source File Reader" daemon [_thread_blocked, id=19156, stack(0x0000002fced00000,0x0000002fcee00000) (1024K)]
  0x000001aa04e0e8f0 JavaThread "Compiler Source File Reader" daemon [_thread_blocked, id=17072, stack(0x0000002fd0900000,0x0000002fd0a00000) (1024K)]
  0x000001aa04e0ceb0 JavaThread "Compiler Source File Reader" daemon [_thread_blocked, id=32152, stack(0x0000002fd0a00000,0x0000002fd0b00000) (1024K)]
  0x000001aa07ca96c0 JavaThread "Compiler Source File Reader" daemon [_thread_blocked, id=27392, stack(0x0000002fd0e00000,0x0000002fd0f00000) (1024K)]
  0x000001aa07ca9d50 JavaThread "LocalFile Deleter"          daemon [_thread_blocked, id=39140, stack(0x0000002fcef00000,0x0000002fcf000000) (1024K)]
  0x000001aa0952a8a0 JavaThread "LocalFile Deleter"          daemon [_thread_blocked, id=13940, stack(0x0000002fd0500000,0x0000002fd0600000) (1024K)]
  0x000001aa0952af30 JavaThread "LocalFile Deleter"          daemon [_thread_blocked, id=37160, stack(0x0000002fd0600000,0x0000002fd0700000) (1024K)]
  0x000001aa0b492140 JavaThread "LocalFile Deleter"          daemon [_thread_blocked, id=34464, stack(0x0000002fd0c00000,0x0000002fd0d00000) (1024K)]
  0x000001aa0b491ab0 JavaThread "LocalFile Deleter"          daemon [_thread_blocked, id=20264, stack(0x0000002fd0d00000,0x0000002fd0e00000) (1024K)]
  0x000001aa0b492e60 JavaThread "LocalFile Deleter"          daemon [_thread_blocked, id=34912, stack(0x0000002fd0f00000,0x0000002fd1000000) (1024K)]
  0x000001aa0b497000 JavaThread "Compiler Class File Writer" daemon [_thread_blocked, id=24360, stack(0x0000002fd1000000,0x0000002fd1100000) (1024K)]
  0x000001aa0b497d20 JavaThread "Compiler Class File Writer" daemon [_thread_blocked, id=38500, stack(0x0000002fd1100000,0x0000002fd1200000) (1024K)]
  0x000001aa0b4934f0 JavaThread "Compiler Class File Writer" daemon [_thread_blocked, id=9500, stack(0x0000002fd1200000,0x0000002fd1300000) (1024K)]
  0x000001aa0b4927d0 JavaThread "Compiler Class File Writer" daemon [_thread_blocked, id=15768, stack(0x0000002fd1300000,0x0000002fd1400000) (1024K)]
  0x000001aa0b493b80 JavaThread "Compiler Class File Writer" daemon [_thread_blocked, id=37556, stack(0x0000002fd1400000,0x0000002fd1500000) (1024K)]
  0x000001aa0b494210 JavaThread "Compiler Class File Writer" daemon [_thread_blocked, id=12784, stack(0x0000002fd1500000,0x0000002fd1600000) (1024K)]
Total: 60

Other Threads:
  0x000001aa395b0650 VMThread "VM Thread"                           [id=21756, stack(0x0000002fccd00000,0x0000002fcce00000) (1024K)]
  0x000001aa394a1920 WatcherThread "VM Periodic Task Thread"        [id=9832, stack(0x0000002fccc00000,0x0000002fccd00000) (1024K)]
  0x000001aa22b8c3f0 WorkerThread "GC Thread#0"                     [id=29196, stack(0x0000002fccb00000,0x0000002fccc00000) (1024K)]
  0x000001aa04a08650 WorkerThread "GC Thread#1"                     [id=28920, stack(0x0000002fcda00000,0x0000002fcdb00000) (1024K)]
  0x000001aa04919400 WorkerThread "GC Thread#2"                     [id=23140, stack(0x0000002fcdb00000,0x0000002fcdc00000) (1024K)]
  0x000001aa049197a0 WorkerThread "GC Thread#3"                     [id=6556, stack(0x0000002fcdc00000,0x0000002fcdd00000) (1024K)]
  0x000001aa04919b40 WorkerThread "GC Thread#4"                     [id=26184, stack(0x0000002fcdd00000,0x0000002fcde00000) (1024K)]
  0x000001aa04919ee0 WorkerThread "GC Thread#5"                     [id=18216, stack(0x0000002fcde00000,0x0000002fcdf00000) (1024K)]
  0x000001aa04a972a0 WorkerThread "GC Thread#6"                     [id=13724, stack(0x0000002fcdf00000,0x0000002fce000000) (1024K)]
  0x000001aa04447280 WorkerThread "GC Thread#7"                     [id=31252, stack(0x0000002fcd900000,0x0000002fcda00000) (1024K)]
Total: 10

Threads with active compile tasks:
Total: 0

VM state: not at safepoint (normal execution)

VM Mutex/Monitor currently owned by a thread: None

Heap address: 0x0000000080000000, size: 2048 MB, Compressed Oops mode: 32-bit

CDS archive(s) mapped at: [0x000001aa3a000000-0x000001aa3aba0000-0x000001aa3aba0000), size 12189696, SharedBaseAddress: 0x000001aa3a000000, ArchiveRelocationMode: 1.
Compressed class space mapped at: 0x000001aa3b000000-0x000001aa7b000000, reserved size: 1073741824
Narrow klass base: 0x000001aa3a000000, Narrow klass shift: 0, Narrow klass range: 0x100000000

GC Precious Log:
 CardTable entry size: 512
 CPUs: 8 total, 8 available
 Memory: 16183M
 Large Page Support: Disabled
 NUMA Support: Disabled
 Compressed Oops: Enabled (32-bit)
 Alignments: Space 512K, Generation 512K, Heap 2M
 Heap Min Capacity: 100M
 Heap Initial Capacity: 100M
 Heap Max Capacity: 2G
 Pre-touch: Disabled
 Parallel Workers: 8

Heap:
 PSYoungGen      total 2048K, used 356K [0x00000000d5580000, 0x00000000d5880000, 0x0000000100000000)
  eden space 1536K, 10% used [0x00000000d5580000,0x00000000d55a9108,0x00000000d5700000)
  from space 512K, 37% used [0x00000000d5800000,0x00000000d5830000,0x00000000d5880000)
  to   space 512K, 0% used [0x00000000d5780000,0x00000000d5780000,0x00000000d5800000)
 ParOldGen       total 274944K, used 274805K [0x0000000080000000, 0x0000000090c80000, 0x00000000d5580000)
  object space 274944K, 99% used [0x0000000080000000,0x0000000090c5d578,0x0000000090c80000)
 Metaspace       used 88098K, committed 89856K, reserved 1179648K
  class space    used 10187K, committed 11008K, reserved 1048576K

Card table byte_map: [0x000001aa22550000,0x000001aa22960000] _byte_map_base: 0x000001aa22150000

Marking Bits: (ParMarkBitMap*) 0x00007ffaf768a340
 Begin Bits: [0x000001aa35020000, 0x000001aa37020000)
 End Bits:   [0x000001aa37020000, 0x000001aa39020000)

Polling page: 0x000001aa22340000

Metaspace:

Usage:
  Non-class:     76.09 MB used.
      Class:      9.95 MB used.
       Both:     86.03 MB used.

Virtual space:
  Non-class space:      128.00 MB reserved,      77.00 MB ( 60%) committed,  2 nodes.
      Class space:        1.00 GB reserved,      10.75 MB (  1%) committed,  1 nodes.
             Both:        1.12 GB reserved,      87.75 MB (  8%) committed. 

Chunk freelists:
   Non-Class:  2.86 MB
       Class:  5.15 MB
        Both:  8.01 MB

MaxMetaspaceSize: unlimited
CompressedClassSpaceSize: 1.00 GB
Initial GC threshold: 21.00 MB
Current GC threshold: 143.69 MB
CDS: on
 - commit_granule_bytes: 65536.
 - commit_granule_words: 8192.
 - virtual_space_node_default_size: 8388608.
 - enlarge_chunks_in_place: 1.
 - use_allocation_guard: 0.


Internal statistics:

num_allocs_failed_limit: 13.
num_arena_births: 1680.
num_arena_deaths: 26.
num_vsnodes_births: 3.
num_vsnodes_deaths: 0.
num_space_committed: 1404.
num_space_uncommitted: 0.
num_chunks_returned_to_freelist: 40.
num_chunks_taken_from_freelist: 5567.
num_chunk_merges: 10.
num_chunk_splits: 3550.
num_chunks_enlarged: 2182.
num_inconsistent_stats: 0.

CodeHeap 'non-profiled nmethods': size=120000Kb used=16264Kb max_used=16264Kb free=103736Kb
 bounds [0x000001aa2d840000, 0x000001aa2e830000, 0x000001aa34d70000]
CodeHeap 'profiled nmethods': size=120000Kb used=38830Kb max_used=38830Kb free=81169Kb
 bounds [0x000001aa25d70000, 0x000001aa28360000, 0x000001aa2d2a0000]
CodeHeap 'non-nmethods': size=5760Kb used=1506Kb max_used=1598Kb free=4253Kb
 bounds [0x000001aa2d2a0000, 0x000001aa2d510000, 0x000001aa2d840000]
CodeCache: size=245760Kb, used=56600Kb, max_used=56692Kb, free=189158Kb
 total_blobs=16224, nmethods=15412, adapters=713, full_count=0
Compilation: enabled, stopped_count=0, restarted_count=0

Compilation events (20 events):
Event: 323.723 Thread 0x000001aa395d8a60 16800       4       org.eclipse.core.runtime.Path::fromOSString (5 bytes)
Event: 323.724 Thread 0x000001aa395d8a60 nmethod 16800 0x000001aa2e821310 code [0x000001aa2e8214a0, 0x000001aa2e8215b8]
Event: 331.024 Thread 0x000001aa395f8760 16801       3       java.util.concurrent.ScheduledThreadPoolExecutor$DelayedWorkQueue::setIndex (16 bytes)
Event: 331.024 Thread 0x000001aa395f8760 nmethod 16801 0x000001aa28354c90 code [0x000001aa28354e40, 0x000001aa28355148]
Event: 346.640 Thread 0x000001aa395d8a60 16802       4       java.nio.MappedByteBuffer::position (6 bytes)
Event: 346.641 Thread 0x000001aa395d8a60 nmethod 16802 0x000001aa2e821690 code [0x000001aa2e821820, 0x000001aa2e821918]
Event: 349.542 Thread 0x000001aa395d8a60 16803       4       java.util.concurrent.locks.ReentrantReadWriteLock::readLock (5 bytes)
Event: 349.543 Thread 0x000001aa395d8a60 nmethod 16803 0x000001aa2e821a10 code [0x000001aa2e821ba0, 0x000001aa2e821c30]
Event: 349.933 Thread 0x000001aa395f8760 16804   !   3       com.google.gson.Gson::fromJson (259 bytes)
Event: 349.936 Thread 0x000001aa395f8760 nmethod 16804 0x000001aa28355210 code [0x000001aa28355780, 0x000001aa28357c98]
Event: 349.936 Thread 0x000001aa395f8760 16805       3       com.google.gson.internal.Primitives::wrap (92 bytes)
Event: 349.937 Thread 0x000001aa395f8760 nmethod 16805 0x000001aa28359690 code [0x000001aa283598a0, 0x000001aa28359d60]
Event: 354.738 Thread 0x000001aa395f8760 16806       3       com.google.gson.Gson::fromJson (10 bytes)
Event: 354.739 Thread 0x000001aa395f8760 nmethod 16806 0x000001aa28359e10 code [0x000001aa28359fe0, 0x000001aa2835a230]
Event: 364.905 Thread 0x000001aa395d8a60 16807       4       sun.nio.ch.Invoker$GroupAndInvokeCount::resetInvokeCount (6 bytes)
Event: 364.905 Thread 0x000001aa395d8a60 nmethod 16807 0x000001aa2e821d10 code [0x000001aa2e821ea0, 0x000001aa2e821f30]
Event: 364.925 Thread 0x000001aa395f8760 16808   !   3       org.eclipse.lsp4j.jsonrpc.RemoteEndpoint::notify (54 bytes)
Event: 364.926 Thread 0x000001aa395f8760 nmethod 16808 0x000001aa2835a390 code [0x000001aa2835a5c0, 0x000001aa2835aea8]
Event: 364.926 Thread 0x000001aa395f8760 16809       3       org.eclipse.lsp4j.jsonrpc.RemoteEndpoint::createNotificationMessage (34 bytes)
Event: 364.926 Thread 0x000001aa395f8760 nmethod 16809 0x000001aa2835b190 code [0x000001aa2835b360, 0x000001aa2835b800]

GC Heap History (20 events):
Event: 353.390 GC heap before
{Heap before GC invocations=927 (full 4):
 PSYoungGen      total 2048K, used 1664K [0x00000000d5580000, 0x00000000d5880000, 0x0000000100000000)
  eden space 1536K, 100% used [0x00000000d5580000,0x00000000d5700000,0x00000000d5700000)
  from space 512K, 25% used [0x00000000d5800000,0x00000000d5820000,0x00000000d5880000)
  to   space 512K, 0% used [0x00000000d5780000,0x00000000d5780000,0x00000000d5800000)
 ParOldGen       total 274944K, used 274725K [0x0000000080000000, 0x0000000090c80000, 0x00000000d5580000)
  object space 274944K, 99% used [0x0000000080000000,0x0000000090c49578,0x0000000090c80000)
 Metaspace       used 88097K, committed 89856K, reserved 1179648K
  class space    used 10187K, committed 11008K, reserved 1048576K
}
Event: 353.391 GC heap after
{Heap after GC invocations=927 (full 4):
 PSYoungGen      total 2048K, used 192K [0x00000000d5580000, 0x00000000d5880000, 0x0000000100000000)
  eden space 1536K, 0% used [0x00000000d5580000,0x00000000d5580000,0x00000000d5700000)
  from space 512K, 37% used [0x00000000d5780000,0x00000000d57b0000,0x00000000d5800000)
  to   space 512K, 0% used [0x00000000d5800000,0x00000000d5800000,0x00000000d5880000)
 ParOldGen       total 274944K, used 274725K [0x0000000080000000, 0x0000000090c80000, 0x00000000d5580000)
  object space 274944K, 99% used [0x0000000080000000,0x0000000090c49578,0x0000000090c80000)
 Metaspace       used 88097K, committed 89856K, reserved 1179648K
  class space    used 10187K, committed 11008K, reserved 1048576K
}
Event: 354.751 GC heap before
{Heap before GC invocations=928 (full 4):
 PSYoungGen      total 2048K, used 1728K [0x00000000d5580000, 0x00000000d5880000, 0x0000000100000000)
  eden space 1536K, 100% used [0x00000000d5580000,0x00000000d5700000,0x00000000d5700000)
  from space 512K, 37% used [0x00000000d5780000,0x00000000d57b0000,0x00000000d5800000)
  to   space 512K, 0% used [0x00000000d5800000,0x00000000d5800000,0x00000000d5880000)
 ParOldGen       total 274944K, used 274725K [0x0000000080000000, 0x0000000090c80000, 0x00000000d5580000)
  object space 274944K, 99% used [0x0000000080000000,0x0000000090c49578,0x0000000090c80000)
 Metaspace       used 88097K, committed 89856K, reserved 1179648K
  class space    used 10187K, committed 11008K, reserved 1048576K
}
Event: 354.752 GC heap after
{Heap after GC invocations=928 (full 4):
 PSYoungGen      total 2048K, used 160K [0x00000000d5580000, 0x00000000d5880000, 0x0000000100000000)
  eden space 1536K, 0% used [0x00000000d5580000,0x00000000d5580000,0x00000000d5700000)
  from space 512K, 31% used [0x00000000d5800000,0x00000000d5828000,0x00000000d5880000)
  to   space 512K, 0% used [0x00000000d5780000,0x00000000d5780000,0x00000000d5800000)
 ParOldGen       total 274944K, used 274733K [0x0000000080000000, 0x0000000090c80000, 0x00000000d5580000)
  object space 274944K, 99% used [0x0000000080000000,0x0000000090c4b578,0x0000000090c80000)
 Metaspace       used 88097K, committed 89856K, reserved 1179648K
  class space    used 10187K, committed 11008K, reserved 1048576K
}
Event: 354.887 GC heap before
{Heap before GC invocations=929 (full 4):
 PSYoungGen      total 2048K, used 1696K [0x00000000d5580000, 0x00000000d5880000, 0x0000000100000000)
  eden space 1536K, 100% used [0x00000000d5580000,0x00000000d5700000,0x00000000d5700000)
  from space 512K, 31% used [0x00000000d5800000,0x00000000d5828000,0x00000000d5880000)
  to   space 512K, 0% used [0x00000000d5780000,0x00000000d5780000,0x00000000d5800000)
 ParOldGen       total 274944K, used 274733K [0x0000000080000000, 0x0000000090c80000, 0x00000000d5580000)
  object space 274944K, 99% used [0x0000000080000000,0x0000000090c4b578,0x0000000090c80000)
 Metaspace       used 88097K, committed 89856K, reserved 1179648K
  class space    used 10187K, committed 11008K, reserved 1048576K
}
Event: 354.895 GC heap after
{Heap after GC invocations=929 (full 4):
 PSYoungGen      total 2048K, used 160K [0x00000000d5580000, 0x00000000d5880000, 0x0000000100000000)
  eden space 1536K, 0% used [0x00000000d5580000,0x00000000d5580000,0x00000000d5700000)
  from space 512K, 31% used [0x00000000d5780000,0x00000000d57a8000,0x00000000d5800000)
  to   space 512K, 0% used [0x00000000d5800000,0x00000000d5800000,0x00000000d5880000)
 ParOldGen       total 274944K, used 274765K [0x0000000080000000, 0x0000000090c80000, 0x00000000d5580000)
  object space 274944K, 99% used [0x0000000080000000,0x0000000090c53578,0x0000000090c80000)
 Metaspace       used 88097K, committed 89856K, reserved 1179648K
  class space    used 10187K, committed 11008K, reserved 1048576K
}
Event: 355.420 GC heap before
{Heap before GC invocations=930 (full 4):
 PSYoungGen      total 2048K, used 1696K [0x00000000d5580000, 0x00000000d5880000, 0x0000000100000000)
  eden space 1536K, 100% used [0x00000000d5580000,0x00000000d5700000,0x00000000d5700000)
  from space 512K, 31% used [0x00000000d5780000,0x00000000d57a8000,0x00000000d5800000)
  to   space 512K, 0% used [0x00000000d5800000,0x00000000d5800000,0x00000000d5880000)
 ParOldGen       total 274944K, used 274765K [0x0000000080000000, 0x0000000090c80000, 0x00000000d5580000)
  object space 274944K, 99% used [0x0000000080000000,0x0000000090c53578,0x0000000090c80000)
 Metaspace       used 88097K, committed 89856K, reserved 1179648K
  class space    used 10187K, committed 11008K, reserved 1048576K
}
Event: 355.422 GC heap after
{Heap after GC invocations=930 (full 4):
 PSYoungGen      total 2048K, used 128K [0x00000000d5580000, 0x00000000d5880000, 0x0000000100000000)
  eden space 1536K, 0% used [0x00000000d5580000,0x00000000d5580000,0x00000000d5700000)
  from space 512K, 25% used [0x00000000d5800000,0x00000000d5820000,0x00000000d5880000)
  to   space 512K, 0% used [0x00000000d5780000,0x00000000d5780000,0x00000000d5800000)
 ParOldGen       total 274944K, used 274765K [0x0000000080000000, 0x0000000090c80000, 0x00000000d5580000)
  object space 274944K, 99% used [0x0000000080000000,0x0000000090c53578,0x0000000090c80000)
 Metaspace       used 88097K, committed 89856K, reserved 1179648K
  class space    used 10187K, committed 11008K, reserved 1048576K
}
Event: 356.059 GC heap before
{Heap before GC invocations=931 (full 4):
 PSYoungGen      total 2048K, used 1664K [0x00000000d5580000, 0x00000000d5880000, 0x0000000100000000)
  eden space 1536K, 100% used [0x00000000d5580000,0x00000000d5700000,0x00000000d5700000)
  from space 512K, 25% used [0x00000000d5800000,0x00000000d5820000,0x00000000d5880000)
  to   space 512K, 0% used [0x00000000d5780000,0x00000000d5780000,0x00000000d5800000)
 ParOldGen       total 274944K, used 274765K [0x0000000080000000, 0x0000000090c80000, 0x00000000d5580000)
  object space 274944K, 99% used [0x0000000080000000,0x0000000090c53578,0x0000000090c80000)
 Metaspace       used 88097K, committed 89856K, reserved 1179648K
  class space    used 10187K, committed 11008K, reserved 1048576K
}
Event: 356.062 GC heap after
{Heap after GC invocations=931 (full 4):
 PSYoungGen      total 2048K, used 192K [0x00000000d5580000, 0x00000000d5880000, 0x0000000100000000)
  eden space 1536K, 0% used [0x00000000d5580000,0x00000000d5580000,0x00000000d5700000)
  from space 512K, 37% used [0x00000000d5780000,0x00000000d57b0000,0x00000000d5800000)
  to   space 512K, 0% used [0x00000000d5800000,0x00000000d5800000,0x00000000d5880000)
 ParOldGen       total 274944K, used 274765K [0x0000000080000000, 0x0000000090c80000, 0x00000000d5580000)
  object space 274944K, 99% used [0x0000000080000000,0x0000000090c53578,0x0000000090c80000)
 Metaspace       used 88097K, committed 89856K, reserved 1179648K
  class space    used 10187K, committed 11008K, reserved 1048576K
}
Event: 356.081 GC heap before
{Heap before GC invocations=932 (full 4):
 PSYoungGen      total 2048K, used 1728K [0x00000000d5580000, 0x00000000d5880000, 0x0000000100000000)
  eden space 1536K, 100% used [0x00000000d5580000,0x00000000d5700000,0x00000000d5700000)
  from space 512K, 37% used [0x00000000d5780000,0x00000000d57b0000,0x00000000d5800000)
  to   space 512K, 0% used [0x00000000d5800000,0x00000000d5800000,0x00000000d5880000)
 ParOldGen       total 274944K, used 274765K [0x0000000080000000, 0x0000000090c80000, 0x00000000d5580000)
  object space 274944K, 99% used [0x0000000080000000,0x0000000090c53578,0x0000000090c80000)
 Metaspace       used 88097K, committed 89856K, reserved 1179648K
  class space    used 10187K, committed 11008K, reserved 1048576K
}
Event: 356.083 GC heap after
{Heap after GC invocations=932 (full 4):
 PSYoungGen      total 2048K, used 128K [0x00000000d5580000, 0x00000000d5880000, 0x0000000100000000)
  eden space 1536K, 0% used [0x00000000d5580000,0x00000000d5580000,0x00000000d5700000)
  from space 512K, 25% used [0x00000000d5800000,0x00000000d5820000,0x00000000d5880000)
  to   space 512K, 0% used [0x00000000d5780000,0x00000000d5780000,0x00000000d5800000)
 ParOldGen       total 274944K, used 274797K [0x0000000080000000, 0x0000000090c80000, 0x00000000d5580000)
  object space 274944K, 99% used [0x0000000080000000,0x0000000090c5b578,0x0000000090c80000)
 Metaspace       used 88097K, committed 89856K, reserved 1179648K
  class space    used 10187K, committed 11008K, reserved 1048576K
}
Event: 357.435 GC heap before
{Heap before GC invocations=933 (full 4):
 PSYoungGen      total 2048K, used 1664K [0x00000000d5580000, 0x00000000d5880000, 0x0000000100000000)
  eden space 1536K, 100% used [0x00000000d5580000,0x00000000d5700000,0x00000000d5700000)
  from space 512K, 25% used [0x00000000d5800000,0x00000000d5820000,0x00000000d5880000)
  to   space 512K, 0% used [0x00000000d5780000,0x00000000d5780000,0x00000000d5800000)
 ParOldGen       total 274944K, used 274797K [0x0000000080000000, 0x0000000090c80000, 0x00000000d5580000)
  object space 274944K, 99% used [0x0000000080000000,0x0000000090c5b578,0x0000000090c80000)
 Metaspace       used 88097K, committed 89856K, reserved 1179648K
  class space    used 10187K, committed 11008K, reserved 1048576K
}
Event: 357.437 GC heap after
{Heap after GC invocations=933 (full 4):
 PSYoungGen      total 2048K, used 128K [0x00000000d5580000, 0x00000000d5880000, 0x0000000100000000)
  eden space 1536K, 0% used [0x00000000d5580000,0x00000000d5580000,0x00000000d5700000)
  from space 512K, 25% used [0x00000000d5780000,0x00000000d57a0000,0x00000000d5800000)
  to   space 512K, 0% used [0x00000000d5800000,0x00000000d5800000,0x00000000d5880000)
 ParOldGen       total 274944K, used 274797K [0x0000000080000000, 0x0000000090c80000, 0x00000000d5580000)
  object space 274944K, 99% used [0x0000000080000000,0x0000000090c5b578,0x0000000090c80000)
 Metaspace       used 88097K, committed 89856K, reserved 1179648K
  class space    used 10187K, committed 11008K, reserved 1048576K
}
Event: 357.876 GC heap before
{Heap before GC invocations=934 (full 4):
 PSYoungGen      total 2048K, used 1664K [0x00000000d5580000, 0x00000000d5880000, 0x0000000100000000)
  eden space 1536K, 100% used [0x00000000d5580000,0x00000000d5700000,0x00000000d5700000)
  from space 512K, 25% used [0x00000000d5780000,0x00000000d57a0000,0x00000000d5800000)
  to   space 512K, 0% used [0x00000000d5800000,0x00000000d5800000,0x00000000d5880000)
 ParOldGen       total 274944K, used 274797K [0x0000000080000000, 0x0000000090c80000, 0x00000000d5580000)
  object space 274944K, 99% used [0x0000000080000000,0x0000000090c5b578,0x0000000090c80000)
 Metaspace       used 88097K, committed 89856K, reserved 1179648K
  class space    used 10187K, committed 11008K, reserved 1048576K
}
Event: 357.878 GC heap after
{Heap after GC invocations=934 (full 4):
 PSYoungGen      total 2048K, used 160K [0x00000000d5580000, 0x00000000d5880000, 0x0000000100000000)
  eden space 1536K, 0% used [0x00000000d5580000,0x00000000d5580000,0x00000000d5700000)
  from space 512K, 31% used [0x00000000d5800000,0x00000000d5828000,0x00000000d5880000)
  to   space 512K, 0% used [0x00000000d5780000,0x00000000d5780000,0x00000000d5800000)
 ParOldGen       total 274944K, used 274797K [0x0000000080000000, 0x0000000090c80000, 0x00000000d5580000)
  object space 274944K, 99% used [0x0000000080000000,0x0000000090c5b578,0x0000000090c80000)
 Metaspace       used 88097K, committed 89856K, reserved 1179648K
  class space    used 10187K, committed 11008K, reserved 1048576K
}
Event: 364.910 GC heap before
{Heap before GC invocations=935 (full 4):
 PSYoungGen      total 2048K, used 1696K [0x00000000d5580000, 0x00000000d5880000, 0x0000000100000000)
  eden space 1536K, 100% used [0x00000000d5580000,0x00000000d5700000,0x00000000d5700000)
  from space 512K, 31% used [0x00000000d5800000,0x00000000d5828000,0x00000000d5880000)
  to   space 512K, 0% used [0x00000000d5780000,0x00000000d5780000,0x00000000d5800000)
 ParOldGen       total 274944K, used 274797K [0x0000000080000000, 0x0000000090c80000, 0x00000000d5580000)
  object space 274944K, 99% used [0x0000000080000000,0x0000000090c5b578,0x0000000090c80000)
 Metaspace       used 88097K, committed 89856K, reserved 1179648K
  class space    used 10187K, committed 11008K, reserved 1048576K
}
Event: 364.913 GC heap after
{Heap after GC invocations=935 (full 4):
 PSYoungGen      total 2048K, used 128K [0x00000000d5580000, 0x00000000d5880000, 0x0000000100000000)
  eden space 1536K, 0% used [0x00000000d5580000,0x00000000d5580000,0x00000000d5700000)
  from space 512K, 25% used [0x00000000d5780000,0x00000000d57a0000,0x00000000d5800000)
  to   space 512K, 0% used [0x00000000d5800000,0x00000000d5800000,0x00000000d5880000)
 ParOldGen       total 274944K, used 274797K [0x0000000080000000, 0x0000000090c80000, 0x00000000d5580000)
  object space 274944K, 99% used [0x0000000080000000,0x0000000090c5b578,0x0000000090c80000)
 Metaspace       used 88097K, committed 89856K, reserved 1179648K
  class space    used 10187K, committed 11008K, reserved 1048576K
}
Event: 365.424 GC heap before
{Heap before GC invocations=936 (full 4):
 PSYoungGen      total 2048K, used 1664K [0x00000000d5580000, 0x00000000d5880000, 0x0000000100000000)
  eden space 1536K, 100% used [0x00000000d5580000,0x00000000d5700000,0x00000000d5700000)
  from space 512K, 25% used [0x00000000d5780000,0x00000000d57a0000,0x00000000d5800000)
  to   space 512K, 0% used [0x00000000d5800000,0x00000000d5800000,0x00000000d5880000)
 ParOldGen       total 274944K, used 274797K [0x0000000080000000, 0x0000000090c80000, 0x00000000d5580000)
  object space 274944K, 99% used [0x0000000080000000,0x0000000090c5b578,0x0000000090c80000)
 Metaspace       used 88098K, committed 89856K, reserved 1179648K
  class space    used 10187K, committed 11008K, reserved 1048576K
}
Event: 365.425 GC heap after
{Heap after GC invocations=936 (full 4):
 PSYoungGen      total 2048K, used 192K [0x00000000d5580000, 0x00000000d5880000, 0x0000000100000000)
  eden space 1536K, 0% used [0x00000000d5580000,0x00000000d5580000,0x00000000d5700000)
  from space 512K, 37% used [0x00000000d5800000,0x00000000d5830000,0x00000000d5880000)
  to   space 512K, 0% used [0x00000000d5780000,0x00000000d5780000,0x00000000d5800000)
 ParOldGen       total 274944K, used 274805K [0x0000000080000000, 0x0000000090c80000, 0x00000000d5580000)
  object space 274944K, 99% used [0x0000000080000000,0x0000000090c5d578,0x0000000090c80000)
 Metaspace       used 88098K, committed 89856K, reserved 1179648K
  class space    used 10187K, committed 11008K, reserved 1048576K
}

Dll operation events (15 events):
Event: 0.021 Loaded shared library c:\Users\gudis\.vscode\extensions\redhat.java-1.45.0-win32-x64\jre\21.0.8-win32-x86_64\bin\java.dll
Event: 0.081 Loaded shared library c:\Users\gudis\.vscode\extensions\redhat.java-1.45.0-win32-x64\jre\21.0.8-win32-x86_64\bin\zip.dll
Event: 0.125 Loaded shared library C:\Users\gudis\.vscode\extensions\redhat.java-1.45.0-win32-x64\jre\21.0.8-win32-x86_64\bin\instrument.dll
Event: 0.129 Loaded shared library C:\Users\gudis\.vscode\extensions\redhat.java-1.45.0-win32-x64\jre\21.0.8-win32-x86_64\bin\net.dll
Event: 0.130 Loaded shared library C:\Users\gudis\.vscode\extensions\redhat.java-1.45.0-win32-x64\jre\21.0.8-win32-x86_64\bin\nio.dll
Event: 0.133 Loaded shared library C:\Users\gudis\.vscode\extensions\redhat.java-1.45.0-win32-x64\jre\21.0.8-win32-x86_64\bin\zip.dll
Event: 0.147 Loaded shared library C:\Users\gudis\.vscode\extensions\redhat.java-1.45.0-win32-x64\jre\21.0.8-win32-x86_64\bin\jimage.dll
Event: 0.208 Loaded shared library c:\Users\gudis\.vscode\extensions\redhat.java-1.45.0-win32-x64\jre\21.0.8-win32-x86_64\bin\verify.dll
Event: 5.081 Loaded shared library C:\Users\gudis\AppData\Roaming\Code\User\globalStorage\redhat.java\1.45.0\config_win\org.eclipse.equinox.launcher\org.eclipse.equinox.launcher.win32.win32.x86_64_1.2.1400.v20250801-0854\eclipse_11916.dll
Event: 8.529 Loaded shared library C:\Users\gudis\.vscode\extensions\redhat.java-1.45.0-win32-x64\jre\21.0.8-win32-x86_64\bin\management.dll
Event: 8.531 Loaded shared library C:\Users\gudis\.vscode\extensions\redhat.java-1.45.0-win32-x64\jre\21.0.8-win32-x86_64\bin\management_ext.dll
Event: 9.348 Loaded shared library C:\Users\gudis\AppData\Local\Temp\jna-98707680\jna1835359673439869754.dll
Event: 9.418 Loaded shared library C:\Users\gudis\.vscode\extensions\redhat.java-1.45.0-win32-x64\jre\21.0.8-win32-x86_64\bin\sunmscapi.dll
Event: 9.677 Loaded shared library C:\Users\gudis\.vscode\extensions\redhat.java-1.45.0-win32-x64\jre\21.0.8-win32-x86_64\bin\extnet.dll
Event: 11.171 Loaded shared library C:\Users\gudis\.gradle\native\1def1411415f61bf3af743bc5b6707747c0891f09f0c88961ee8f79bc544acac\windows-amd64\native-platform.dll

Deoptimization events (20 events):
Event: 272.283 Thread 0x000001aa095294f0 DEOPT PACKING pc=0x000001aa2e805b20 sp=0x0000002fceefeb10
Event: 272.283 Thread 0x000001aa095294f0 DEOPT UNPACKING pc=0x000001aa2d2f6da2 sp=0x0000002fceefe980 mode 2
Event: 272.283 Thread 0x000001aa095294f0 Uncommon trap: trap_request=0xffffffd6 fr.pc=0x000001aa2e805b20 relative=0x00000000000017a0
Event: 272.283 Thread 0x000001aa095294f0 Uncommon trap: reason=array_check action=maybe_recompile pc=0x000001aa2e805b20 method=org.eclipse.core.internal.events.NodeIDMap.put(JLorg/eclipse/core/runtime/IPath;Lorg/eclipse/core/runtime/IPath;)V @ 113 c2
Event: 272.283 Thread 0x000001aa095294f0 DEOPT PACKING pc=0x000001aa2e805b20 sp=0x0000002fceefea40
Event: 272.283 Thread 0x000001aa095294f0 DEOPT UNPACKING pc=0x000001aa2d2f6da2 sp=0x0000002fceefe8c0 mode 2
Event: 272.284 Thread 0x000001aa095294f0 Uncommon trap: trap_request=0xffffffd6 fr.pc=0x000001aa2e805b20 relative=0x00000000000017a0
Event: 272.284 Thread 0x000001aa095294f0 Uncommon trap: reason=array_check action=maybe_recompile pc=0x000001aa2e805b20 method=org.eclipse.core.internal.events.NodeIDMap.put(JLorg/eclipse/core/runtime/IPath;Lorg/eclipse/core/runtime/IPath;)V @ 113 c2
Event: 272.284 Thread 0x000001aa095294f0 DEOPT PACKING pc=0x000001aa2e805b20 sp=0x0000002fceefe2c0
Event: 272.285 Thread 0x000001aa095294f0 DEOPT UNPACKING pc=0x000001aa2d2f6da2 sp=0x0000002fceefe130 mode 2
Event: 272.344 Thread 0x000001aa084fe730 Uncommon trap: trap_request=0xffffffde fr.pc=0x000001aa2e64199c relative=0x000000000000221c
Event: 272.344 Thread 0x000001aa084fe730 Uncommon trap: reason=class_check action=maybe_recompile pc=0x000001aa2e64199c method=org.eclipse.jdt.internal.compiler.lookup.PackageBinding.getPackage0Any([C)Lorg/eclipse/jdt/internal/compiler/lookup/PackageBinding; @ 8 c2
Event: 272.344 Thread 0x000001aa084fe730 DEOPT PACKING pc=0x000001aa2e64199c sp=0x0000002fd08fe3f0
Event: 272.344 Thread 0x000001aa084fe730 DEOPT UNPACKING pc=0x000001aa2d2f6da2 sp=0x0000002fd08fe320 mode 2
Event: 272.348 Thread 0x000001aa084fe730 DEOPT PACKING pc=0x000001aa282ea9ae sp=0x0000002fd08fe550
Event: 272.348 Thread 0x000001aa084fe730 DEOPT UNPACKING pc=0x000001aa2d2f78e2 sp=0x0000002fd08fda08 mode 0
Event: 280.528 Thread 0x000001aa084fbfd0 Uncommon trap: trap_request=0xffffff45 fr.pc=0x000001aa2df958f4 relative=0x0000000000002534
Event: 280.528 Thread 0x000001aa084fbfd0 Uncommon trap: reason=unstable_if action=reinterpret pc=0x000001aa2df958f4 method=org.eclipse.core.internal.utils.FileUtil.realPath(Lorg/eclipse/core/runtime/IPath;)Lorg/eclipse/core/runtime/IPath; @ 248 c2
Event: 280.528 Thread 0x000001aa084fbfd0 DEOPT PACKING pc=0x000001aa2df958f4 sp=0x0000002fcfafea70
Event: 280.528 Thread 0x000001aa084fbfd0 DEOPT UNPACKING pc=0x000001aa2d2f6da2 sp=0x0000002fcfafea38 mode 2

Classes loaded (20 events):
Event: 166.285 Loading class sun/nio/cs/ThreadLocalCoders
Event: 166.297 Loading class sun/nio/cs/ThreadLocalCoders done
Event: 166.297 Loading class sun/nio/cs/ThreadLocalCoders$1
Event: 166.298 Loading class sun/nio/cs/ThreadLocalCoders$Cache
Event: 166.298 Loading class sun/nio/cs/ThreadLocalCoders$Cache done
Event: 166.298 Loading class sun/nio/cs/ThreadLocalCoders$1 done
Event: 166.298 Loading class sun/nio/cs/ThreadLocalCoders$2
Event: 166.298 Loading class sun/nio/cs/ThreadLocalCoders$2 done
Event: 166.641 Loading class java/util/stream/ReduceOps$4
Event: 166.642 Loading class java/util/stream/ReduceOps$4 done
Event: 166.642 Loading class java/util/stream/ReduceOps$4ReducingSink
Event: 166.642 Loading class java/util/stream/ReduceOps$4ReducingSink done
Event: 166.646 Loading class java/nio/file/Files$2
Event: 166.646 Loading class java/nio/file/Files$2 done
Event: 166.908 Loading class java/util/Hashtable$ValueCollection
Event: 166.911 Loading class java/util/Hashtable$ValueCollection done
Event: 198.195 Loading class java/util/ArrayDeque$DeqSpliterator
Event: 198.196 Loading class java/util/ArrayDeque$DeqSpliterator done
Event: 266.174 Loading class java/util/concurrent/ConcurrentHashMap$KeySpliterator
Event: 266.174 Loading class java/util/concurrent/ConcurrentHashMap$KeySpliterator done

Classes unloaded (13 events):
Event: 8.892 Thread 0x000001aa395b0650 Unloading class 0x000001aa3b1a9000 'java/lang/invoke/LambdaForm$MH+0x000001aa3b1a9000'
Event: 8.892 Thread 0x000001aa395b0650 Unloading class 0x000001aa3b1a8c00 'java/lang/invoke/LambdaForm$MH+0x000001aa3b1a8c00'
Event: 8.892 Thread 0x000001aa395b0650 Unloading class 0x000001aa3b1a8800 'java/lang/invoke/LambdaForm$MH+0x000001aa3b1a8800'
Event: 8.892 Thread 0x000001aa395b0650 Unloading class 0x000001aa3b1a8400 'java/lang/invoke/LambdaForm$MH+0x000001aa3b1a8400'
Event: 8.892 Thread 0x000001aa395b0650 Unloading class 0x000001aa3b1a8000 'java/lang/invoke/LambdaForm$BMH+0x000001aa3b1a8000'
Event: 8.892 Thread 0x000001aa395b0650 Unloading class 0x000001aa3b1a7c00 'java/lang/invoke/LambdaForm$DMH+0x000001aa3b1a7c00'
Event: 8.892 Thread 0x000001aa395b0650 Unloading class 0x000001aa3b1a6800 'java/lang/invoke/LambdaForm$DMH+0x000001aa3b1a6800'
Event: 203.512 Thread 0x000001aa395b0650 Unloading class 0x000001aa3ba93800 'java/lang/invoke/LambdaForm$MH+0x000001aa3ba93800'
Event: 203.512 Thread 0x000001aa395b0650 Unloading class 0x000001aa3ba93000 'java/lang/invoke/LambdaForm$MH+0x000001aa3ba93000'
Event: 203.512 Thread 0x000001aa395b0650 Unloading class 0x000001aa3ba92400 'java/lang/invoke/LambdaForm$MH+0x000001aa3ba92400'
Event: 203.512 Thread 0x000001aa395b0650 Unloading class 0x000001aa3ba90000 'java/lang/invoke/LambdaForm$DMH+0x000001aa3ba90000'
Event: 203.512 Thread 0x000001aa395b0650 Unloading class 0x000001aa3ba88c00 'java/lang/invoke/LambdaForm$MH+0x000001aa3ba88c00'
Event: 203.512 Thread 0x000001aa395b0650 Unloading class 0x000001aa3ba88400 'java/lang/invoke/LambdaForm$MH+0x000001aa3ba88400'

Classes redefined (0 events):
No events

Internal exceptions (20 events):
Event: 265.364 Thread 0x000001aa09529b80 Exception <a 'sun/nio/fs/WindowsException'{0x00000000d568d1c8}> (0x00000000d568d1c8) 
thrown [s\src\hotspot\share\prims\jni.cpp, line 520]
Event: 265.364 Thread 0x000001aa0b492140 Exception <a 'sun/nio/fs/WindowsException'{0x00000000d56dce90}> (0x00000000d56dce90) 
thrown [s\src\hotspot\share\prims\jni.cpp, line 520]
Event: 265.364 Thread 0x000001aa0952a8a0 Exception <a 'sun/nio/fs/WindowsException'{0x00000000d5680198}> (0x00000000d5680198) 
thrown [s\src\hotspot\share\prims\jni.cpp, line 520]
Event: 265.364 Thread 0x000001aa0b492140 Exception <a 'sun/nio/fs/WindowsException'{0x00000000d56de688}> (0x00000000d56de688) 
thrown [s\src\hotspot\share\prims\jni.cpp, line 520]
Event: 265.366 Thread 0x000001aa0b492140 Exception <a 'sun/nio/fs/WindowsException'{0x00000000d56e08b0}> (0x00000000d56e08b0) 
thrown [s\src\hotspot\share\prims\jni.cpp, line 520]
Event: 265.366 Thread 0x000001aa0952a8a0 Exception <a 'sun/nio/fs/WindowsException'{0x00000000d56e4aa0}> (0x00000000d56e4aa0) 
thrown [s\src\hotspot\share\prims\jni.cpp, line 520]
Event: 265.366 Thread 0x000001aa0952d690 Exception <a 'sun/nio/fs/WindowsException'{0x00000000d55c2c68}> (0x00000000d55c2c68) 
thrown [s\src\hotspot\share\prims\jni.cpp, line 520]
Event: 265.367 Thread 0x000001aa0b491ab0 Exception <a 'sun/nio/fs/WindowsException'{0x00000000d569f0c8}> (0x00000000d569f0c8) 
thrown [s\src\hotspot\share\prims\jni.cpp, line 520]
Event: 265.367 Thread 0x000001aa0b492140 Exception <a 'sun/nio/fs/WindowsException'{0x00000000d56e80b8}> (0x00000000d56e80b8) 
thrown [s\src\hotspot\share\prims\jni.cpp, line 520]
Event: 265.367 Thread 0x000001aa09529b80 Exception <a 'sun/nio/fs/WindowsException'{0x00000000d56dc9b8}> (0x00000000d56dc9b8) 
thrown [s\src\hotspot\share\prims\jni.cpp, line 520]
Event: 265.367 Thread 0x000001aa0b492e60 Exception <a 'sun/nio/fs/WindowsException'{0x00000000d56a5af8}> (0x00000000d56a5af8) 
thrown [s\src\hotspot\share\prims\jni.cpp, line 520]
Event: 266.125 Thread 0x000001aa04e0ef80 Exception <a 'sun/nio/fs/WindowsException'{0x00000000d56ad830}> (0x00000000d56ad830) 
thrown [s\src\hotspot\share\prims\jni.cpp, line 520]
Event: 266.176 Thread 0x000001aa09527ab0 Exception <a 'java/lang/NoSuchMethodError'{0x00000000d565cc58}: 'java.lang.Object java.lang.invoke.DirectMethodHandle$Holder.newInvokeSpecial(java.lang.Object, java.lang.Object, int, int, java.lang.Object)'> (0x00000000d565cc58) 
thrown [s\src\hotspot\share\interpreter\linkResolver.cpp, line 773]
Event: 266.518 Thread 0x000001aa04e0ef80 Exception <a 'sun/nio/fs/WindowsException'{0x00000000d569e738}> (0x00000000d569e738) 
thrown [s\src\hotspot\share\prims\jni.cpp, line 520]
Event: 267.731 Thread 0x000001aa09527ab0 Exception <a 'sun/nio/fs/WindowsException'{0x00000000d5591730}> (0x00000000d5591730) 
thrown [s\src\hotspot\share\prims\jni.cpp, line 520]
Event: 267.731 Thread 0x000001aa09527ab0 Exception <a 'sun/nio/fs/WindowsException'{0x00000000d5591e48}> (0x00000000d5591e48) 
thrown [s\src\hotspot\share\prims\jni.cpp, line 520]
Event: 271.689 Thread 0x000001aa084fbfd0 Exception <a 'sun/nio/fs/WindowsException'{0x00000000d55b7ba8}> (0x00000000d55b7ba8) 
thrown [s\src\hotspot\share\prims\jni.cpp, line 520]
Event: 272.162 Thread 0x000001aa084fbfd0 Exception <a 'sun/nio/fs/WindowsException'{0x00000000d56f97f8}> (0x00000000d56f97f8) 
thrown [s\src\hotspot\share\prims\jni.cpp, line 520]
Event: 272.218 Thread 0x000001aa04e0ef80 Exception <a 'sun/nio/fs/WindowsException'{0x00000000d55c5220}> (0x00000000d55c5220) 
thrown [s\src\hotspot\share\prims\jni.cpp, line 520]
Event: 272.252 Thread 0x000001aa04e0ef80 Exception <a 'sun/nio/fs/WindowsException'{0x00000000d56609c8}> (0x00000000d56609c8) 
thrown [s\src\hotspot\share\prims\jni.cpp, line 520]

ZGC Phase Switch (0 events):
No events

VM Operations (20 events):
Event: 353.389 Executing VM operation: ParallelGCFailedAllocation (Allocation Failure)
Event: 353.391 Executing VM operation: ParallelGCFailedAllocation (Allocation Failure) done
Event: 354.751 Executing VM operation: ParallelGCFailedAllocation (Allocation Failure)
Event: 354.752 Executing VM operation: ParallelGCFailedAllocation (Allocation Failure) done
Event: 354.887 Executing VM operation: ParallelGCFailedAllocation (Allocation Failure)
Event: 354.895 Executing VM operation: ParallelGCFailedAllocation (Allocation Failure) done
Event: 355.420 Executing VM operation: ParallelGCFailedAllocation (Allocation Failure)
Event: 355.422 Executing VM operation: ParallelGCFailedAllocation (Allocation Failure) done
Event: 356.059 Executing VM operation: ParallelGCFailedAllocation (Allocation Failure)
Event: 356.062 Executing VM operation: ParallelGCFailedAllocation (Allocation Failure) done
Event: 356.081 Executing VM operation: ParallelGCFailedAllocation (Allocation Failure)
Event: 356.083 Executing VM operation: ParallelGCFailedAllocation (Allocation Failure) done
Event: 357.435 Executing VM operation: ParallelGCFailedAllocation (Allocation Failure)
Event: 357.437 Executing VM operation: ParallelGCFailedAllocation (Allocation Failure) done
Event: 357.876 Executing VM operation: ParallelGCFailedAllocation (Allocation Failure)
Event: 357.878 Executing VM operation: ParallelGCFailedAllocation (Allocation Failure) done
Event: 364.910 Executing VM operation: ParallelGCFailedAllocation (Allocation Failure)
Event: 364.913 Executing VM operation: ParallelGCFailedAllocation (Allocation Failure) done
Event: 365.424 Executing VM operation: ParallelGCFailedAllocation (Allocation Failure)
Event: 365.425 Executing VM operation: ParallelGCFailedAllocation (Allocation Failure) done

Memory protections (0 events):
No events

Nmethod flushes (20 events):
Event: 203.547 Thread 0x000001aa395b0650 flushing  nmethod 0x000001aa26906810
Event: 203.547 Thread 0x000001aa395b0650 flushing  nmethod 0x000001aa2690b210
Event: 203.547 Thread 0x000001aa395b0650 flushing  nmethod 0x000001aa26913a90
Event: 203.547 Thread 0x000001aa395b0650 flushing  nmethod 0x000001aa2692cf10
Event: 203.547 Thread 0x000001aa395b0650 flushing  nmethod 0x000001aa26936710
Event: 203.547 Thread 0x000001aa395b0650 flushing  nmethod 0x000001aa26936f90
Event: 203.547 Thread 0x000001aa395b0650 flushing  nmethod 0x000001aa26937d90
Event: 203.547 Thread 0x000001aa395b0650 flushing  nmethod 0x000001aa26943d90
Event: 203.547 Thread 0x000001aa395b0650 flushing  nmethod 0x000001aa26947610
Event: 203.547 Thread 0x000001aa395b0650 flushing  nmethod 0x000001aa26947d90
Event: 203.547 Thread 0x000001aa395b0650 flushing  nmethod 0x000001aa2694ad10
Event: 203.547 Thread 0x000001aa395b0650 flushing  nmethod 0x000001aa2694ce10
Event: 203.547 Thread 0x000001aa395b0650 flushing  nmethod 0x000001aa26976290
Event: 203.547 Thread 0x000001aa395b0650 flushing  nmethod 0x000001aa2699ef10
Event: 203.547 Thread 0x000001aa395b0650 flushing  nmethod 0x000001aa269a1390
Event: 203.547 Thread 0x000001aa395b0650 flushing  nmethod 0x000001aa269b5b10
Event: 203.547 Thread 0x000001aa395b0650 flushing  nmethod 0x000001aa269b6790
Event: 203.547 Thread 0x000001aa395b0650 flushing  nmethod 0x000001aa269c3710
Event: 203.547 Thread 0x000001aa395b0650 flushing  nmethod 0x000001aa269c9a90
Event: 203.547 Thread 0x000001aa395b0650 flushing  nmethod 0x000001aa269cd890

Events (20 events):
Event: 265.226 Thread 0x000001aa07ca9d50 Thread added: 0x000001aa0952a8a0
Event: 265.226 Thread 0x000001aa0952d690 Thread added: 0x000001aa0952af30
Event: 265.227 Thread 0x000001aa07ca9d50 Thread added: 0x000001aa0b492140
Event: 265.227 Thread 0x000001aa07ca9d50 Thread added: 0x000001aa0b491ab0
Event: 265.232 Thread 0x000001aa0952d690 Thread added: 0x000001aa0b492e60
Event: 266.177 Thread 0x000001aa09527ab0 Thread added: 0x000001aa0b497000
Event: 266.190 Thread 0x000001aa09527ab0 Thread added: 0x000001aa0b497d20
Event: 266.190 Thread 0x000001aa09527ab0 Thread added: 0x000001aa0b4934f0
Event: 266.229 Thread 0x000001aa09527ab0 Thread added: 0x000001aa0b4927d0
Event: 266.229 Thread 0x000001aa09527ab0 Thread added: 0x000001aa0b493b80
Event: 266.229 Thread 0x000001aa09527ab0 Thread added: 0x000001aa0b494210
Event: 269.081 Thread 0x000001aa395f8760 Thread added: 0x000001aa08e01160
Event: 272.551 Thread 0x000001aa08e01160 Thread exited: 0x000001aa08e01160
Event: 285.352 Thread 0x000001aa09528e60 Thread exited: 0x000001aa09528e60
Event: 325.399 Thread 0x000001aa0952d690 Thread exited: 0x000001aa0952d690
Event: 332.523 Thread 0x000001aa084fe730 Thread exited: 0x000001aa084fe730
Event: 345.355 Thread 0x000001aa09528140 Thread exited: 0x000001aa09528140
Event: 368.685 Thread 0x000001aa04e0e260 Thread exited: 0x000001aa04e0e260
Event: 368.689 Thread 0x000001aa0952c2e0 Thread exited: 0x000001aa0952c2e0
Event: 368.690 Thread 0x000001aa09527ab0 Thread exited: 0x000001aa09527ab0


Dynamic libraries:
0x00007ff703e40000 - 0x00007ff703e4e000 	c:\Users\gudis\.vscode\extensions\redhat.java-1.45.0-win32-x64\jre\21.0.8-win32-x86_64\bin\java.exe
0x00007ffb4c260000 - 0x00007ffb4c469000 	C:\WINDOWS\SYSTEM32\ntdll.dll
0x00007ffb4a0b0000 - 0x00007ffb4a16d000 	C:\WINDOWS\System32\KERNEL32.DLL
0x00007ffb49a60000 - 0x00007ffb49de4000 	C:\WINDOWS\System32\KERNELBASE.dll
0x00007ffb49810000 - 0x00007ffb49921000 	C:\WINDOWS\System32\ucrtbase.dll
0x00007ffb28e20000 - 0x00007ffb28e38000 	c:\Users\gudis\.vscode\extensions\redhat.java-1.45.0-win32-x64\jre\21.0.8-win32-x86_64\bin\jli.dll
0x00007ffb4a4d0000 - 0x00007ffb4a67d000 	C:\WINDOWS\System32\USER32.dll
0x00007ffb49e90000 - 0x00007ffb49eb6000 	C:\WINDOWS\System32\win32u.dll
0x00007ffb4a290000 - 0x00007ffb4a2ba000 	C:\WINDOWS\System32\GDI32.dll
0x00007ffb496f0000 - 0x00007ffb4980e000 	C:\WINDOWS\System32\gdi32full.dll
0x00007ffb49df0000 - 0x00007ffb49e8d000 	C:\WINDOWS\System32\msvcp_win.dll
0x00007ffb22070000 - 0x00007ffb2208e000 	c:\Users\gudis\.vscode\extensions\redhat.java-1.45.0-win32-x64\jre\21.0.8-win32-x86_64\bin\VCRUNTIME140.dll
0x00007ffb33f10000 - 0x00007ffb341b5000 	C:\WINDOWS\WinSxS\amd64_microsoft.windows.common-controls_6595b64144ccf1df_6.0.22000.120_none_9d947278b86cc467\COMCTL32.dll
0x00007ffb4b420000 - 0x00007ffb4b4c3000 	C:\WINDOWS\System32\msvcrt.dll
0x00007ffb4b3e0000 - 0x00007ffb4b411000 	C:\WINDOWS\System32\IMM32.DLL
0x00007ffb46780000 - 0x00007ffb4678c000 	c:\Users\gudis\.vscode\extensions\redhat.java-1.45.0-win32-x64\jre\21.0.8-win32-x86_64\bin\vcruntime140_1.dll
0x00007ffaf8470000 - 0x00007ffaf84fd000 	c:\Users\gudis\.vscode\extensions\redhat.java-1.45.0-win32-x64\jre\21.0.8-win32-x86_64\bin\msvcp140.dll
0x00007ffaf69d0000 - 0x00007ffaf7767000 	c:\Users\gudis\.vscode\extensions\redhat.java-1.45.0-win32-x64\jre\21.0.8-win32-x86_64\bin\server\jvm.dll
0x00007ffb4b4d0000 - 0x00007ffb4b57e000 	C:\WINDOWS\System32\ADVAPI32.dll
0x00007ffb4be70000 - 0x00007ffb4bf0e000 	C:\WINDOWS\System32\sechost.dll
0x00007ffb4bf90000 - 0x00007ffb4c0b1000 	C:\WINDOWS\System32\RPCRT4.dll
0x00007ffb4a170000 - 0x00007ffb4a1df000 	C:\WINDOWS\System32\WS2_32.dll
0x00007ffb48080000 - 0x00007ffb480cd000 	C:\WINDOWS\SYSTEM32\POWRPROF.dll
0x00007ffb445e0000 - 0x00007ffb44613000 	C:\WINDOWS\SYSTEM32\WINMM.dll
0x00007ffb41e50000 - 0x00007ffb41e5a000 	C:\WINDOWS\SYSTEM32\VERSION.dll
0x00007ffb48100000 - 0x00007ffb48113000 	C:\WINDOWS\SYSTEM32\UMPDC.dll
0x00007ffb48830000 - 0x00007ffb48848000 	C:\WINDOWS\SYSTEM32\kernel.appcore.dll
0x00007ffb2bcd0000 - 0x00007ffb2bcda000 	c:\Users\gudis\.vscode\extensions\redhat.java-1.45.0-win32-x64\jre\21.0.8-win32-x86_64\bin\jimage.dll
0x00007ffb41e60000 - 0x00007ffb42081000 	C:\WINDOWS\SYSTEM32\DBGHELP.DLL
0x00007ffb2a6e0000 - 0x00007ffb2a711000 	C:\WINDOWS\SYSTEM32\dbgcore.DLL
0x00007ffb4a030000 - 0x00007ffb4a0af000 	C:\WINDOWS\System32\bcryptPrimitives.dll
0x00007ffb39860000 - 0x00007ffb3986f000 	c:\Users\gudis\.vscode\extensions\redhat.java-1.45.0-win32-x64\jre\21.0.8-win32-x86_64\bin\instrument.dll
0x00007ffb22050000 - 0x00007ffb2206f000 	c:\Users\gudis\.vscode\extensions\redhat.java-1.45.0-win32-x64\jre\21.0.8-win32-x86_64\bin\java.dll
0x00007ffb4ac10000 - 0x00007ffb4b3d5000 	C:\WINDOWS\System32\SHELL32.dll
0x00007ffb47780000 - 0x00007ffb47fe2000 	C:\WINDOWS\SYSTEM32\windows.storage.dll
0x00007ffb4ba60000 - 0x00007ffb4bdd6000 	C:\WINDOWS\System32\combase.dll
0x00007ffb47610000 - 0x00007ffb47777000 	C:\WINDOWS\SYSTEM32\wintypes.dll
0x00007ffb4c0d0000 - 0x00007ffb4c1ba000 	C:\WINDOWS\System32\SHCORE.dll
0x00007ffb4be10000 - 0x00007ffb4be6d000 	C:\WINDOWS\System32\shlwapi.dll
0x00007ffb49620000 - 0x00007ffb49645000 	C:\WINDOWS\SYSTEM32\profapi.dll
0x00007ffb14dc0000 - 0x00007ffb14dd8000 	c:\Users\gudis\.vscode\extensions\redhat.java-1.45.0-win32-x64\jre\21.0.8-win32-x86_64\bin\zip.dll
0x00007ffb2af90000 - 0x00007ffb2afa0000 	C:\Users\gudis\.vscode\extensions\redhat.java-1.45.0-win32-x64\jre\21.0.8-win32-x86_64\bin\net.dll
0x00007ffb415a0000 - 0x00007ffb416b4000 	C:\WINDOWS\SYSTEM32\WINHTTP.dll
0x00007ffb48d00000 - 0x00007ffb48d67000 	C:\WINDOWS\system32\mswsock.dll
0x00007ffb134d0000 - 0x00007ffb134e6000 	C:\Users\gudis\.vscode\extensions\redhat.java-1.45.0-win32-x64\jre\21.0.8-win32-x86_64\bin\nio.dll
0x00007ffb39850000 - 0x00007ffb39860000 	c:\Users\gudis\.vscode\extensions\redhat.java-1.45.0-win32-x64\jre\21.0.8-win32-x86_64\bin\verify.dll
0x00007ffb06d70000 - 0x00007ffb06db4000 	C:\Users\gudis\AppData\Roaming\Code\User\globalStorage\redhat.java\1.45.0\config_win\org.eclipse.equinox.launcher\org.eclipse.equinox.launcher.win32.win32.x86_64_1.2.1400.v20250801-0854\eclipse_11916.dll
0x00007ffb4a330000 - 0x00007ffb4a4ca000 	C:\WINDOWS\System32\ole32.dll
0x00007ffb2ad80000 - 0x00007ffb2ad8a000 	C:\Users\gudis\.vscode\extensions\redhat.java-1.45.0-win32-x64\jre\21.0.8-win32-x86_64\bin\management.dll
0x00007ffb2a980000 - 0x00007ffb2a98b000 	C:\Users\gudis\.vscode\extensions\redhat.java-1.45.0-win32-x64\jre\21.0.8-win32-x86_64\bin\management_ext.dll
0x00007ffb4b580000 - 0x00007ffb4b588000 	C:\WINDOWS\System32\PSAPI.DLL
0x00007ffb48f40000 - 0x00007ffb48f58000 	C:\WINDOWS\SYSTEM32\CRYPTSP.dll
0x00007ffb48790000 - 0x00007ffb487c5000 	C:\WINDOWS\system32\rsaenh.dll
0x00007ffb48df0000 - 0x00007ffb48e1c000 	C:\WINDOWS\SYSTEM32\USERENV.dll
0x00007ffb490c0000 - 0x00007ffb490e7000 	C:\WINDOWS\SYSTEM32\bcrypt.dll
0x00007ffb48f60000 - 0x00007ffb48f6c000 	C:\WINDOWS\SYSTEM32\CRYPTBASE.dll
0x00007ffb48340000 - 0x00007ffb4836d000 	C:\WINDOWS\SYSTEM32\IPHLPAPI.DLL
0x00007ffb4ba50000 - 0x00007ffb4ba59000 	C:\WINDOWS\System32\NSI.dll
0x00007ffaf7f20000 - 0x00007ffaf7f69000 	C:\Users\gudis\AppData\Local\Temp\jna-98707680\jna1835359673439869754.dll
0x00007ffb41500000 - 0x00007ffb41519000 	C:\WINDOWS\SYSTEM32\dhcpcsvc6.DLL
0x00007ffb41b10000 - 0x00007ffb41b2e000 	C:\WINDOWS\SYSTEM32\dhcpcsvc.DLL
0x00007ffb2a3a0000 - 0x00007ffb2a3ae000 	C:\Users\gudis\.vscode\extensions\redhat.java-1.45.0-win32-x64\jre\21.0.8-win32-x86_64\bin\sunmscapi.dll
0x00007ffb49ec0000 - 0x00007ffb4a022000 	C:\WINDOWS\System32\CRYPT32.dll
0x00007ffb49090000 - 0x00007ffb490b8000 	C:\WINDOWS\SYSTEM32\ncrypt.dll
0x00007ffb49050000 - 0x00007ffb49087000 	C:\WINDOWS\SYSTEM32\NTASN1.dll
0x00007ffb483b0000 - 0x00007ffb48497000 	C:\WINDOWS\SYSTEM32\DNSAPI.dll
0x00007ffb41ae0000 - 0x00007ffb41aea000 	C:\Windows\System32\rasadhlp.dll
0x00007ffb3bf20000 - 0x00007ffb3bfa1000 	C:\WINDOWS\System32\fwpuclnt.dll
0x00007ffb29450000 - 0x00007ffb29459000 	C:\Users\gudis\.vscode\extensions\redhat.java-1.45.0-win32-x64\jre\21.0.8-win32-x86_64\bin\extnet.dll
0x00007ffaff9d0000 - 0x00007ffaff9f7000 	C:\Users\gudis\.gradle\native\1def1411415f61bf3af743bc5b6707747c0891f09f0c88961ee8f79bc544acac\windows-amd64\native-platform.dll
0x00007ffb17260000 - 0x00007ffb17268000 	C:\WINDOWS\system32\wshunix.dll

JVMTI agents:
c:\Users\gudis\.vscode\extensions\redhat.java-1.45.0-win32-x64\lombok\lombok-1.18.39-4050.jar path:c:\Users\gudis\.vscode\extensions\redhat.java-1.45.0-win32-x64\jre\21.0.8-win32-x86_64\bin\instrument.dll, loaded, initialized, instrumentlib options:none

dbghelp: loaded successfully - version: 4.0.5 - missing functions: none
symbol engine: initialized successfully - sym options: 0x614 - pdb path: .;c:\Users\gudis\.vscode\extensions\redhat.java-1.45.0-win32-x64\jre\21.0.8-win32-x86_64\bin;C:\WINDOWS\SYSTEM32;C:\WINDOWS\WinSxS\amd64_microsoft.windows.common-controls_6595b64144ccf1df_6.0.22000.120_none_9d947278b86cc467;c:\Users\gudis\.vscode\extensions\redhat.java-1.45.0-win32-x64\jre\21.0.8-win32-x86_64\bin\server;C:\Users\gudis\AppData\Roaming\Code\User\globalStorage\redhat.java\1.45.0\config_win\org.eclipse.equinox.launcher\org.eclipse.equinox.launcher.win32.win32.x86_64_1.2.1400.v20250801-0854;C:\Users\gudis\AppData\Local\Temp\jna-98707680;C:\Users\gudis\.gradle\native\1def1411415f61bf3af743bc5b6707747c0891f09f0c88961ee8f79bc544acac\windows-amd64

VM Arguments:
jvm_args: --add-modules=ALL-SYSTEM --add-opens=java.base/java.util=ALL-UNNAMED --add-opens=java.base/java.lang=ALL-UNNAMED --add-opens=java.base/sun.nio.fs=ALL-UNNAMED -Declipse.application=org.eclipse.jdt.ls.core.id1 -Dosgi.bundles.defaultStartLevel=4 -Declipse.product=org.eclipse.jdt.ls.core.product -Djava.import.generatesMetadataFilesAtProjectRoot=false -DDetectVMInstallationsJob.disabled=true -Dfile.encoding=utf8 -XX:+UseParallelGC -XX:GCTimeRatio=4 -XX:AdaptiveSizePolicyWeight=90 -Dsun.zip.disableMemoryMapping=true -Xmx2G -Xms100m -Xlog:disable -javaagent:c:\Users\gudis\.vscode\extensions\redhat.java-1.45.0-win32-x64\lombok\lombok-1.18.39-4050.jar -XX:+HeapDumpOnOutOfMemoryError -XX:HeapDumpPath=c:\Users\gudis\AppData\Roaming\Code\User\workspaceStorage\cfdb1395cd505deee60dbbe02171b355\redhat.java -Daether.dependencyCollector.impl=bf 
java_command: c:\Users\gudis\.vscode\extensions\redhat.java-1.45.0-win32-x64\server\plugins\org.eclipse.equinox.launcher_1.7.0.v20250519-0528.jar -configuration c:\Users\gudis\AppData\Roaming\Code\User\globalStorage\redhat.java\1.45.0\config_win -data c:\Users\gudis\AppData\Roaming\Code\User\workspaceStorage\cfdb1395cd505deee60dbbe02171b355\redhat.java\jdt_ws --pipe=\\.\pipe\lsp-1946cfb181a77bd07c847beb20c0f8cc-sock
java_class_path (initial): c:\Users\gudis\.vscode\extensions\redhat.java-1.45.0-win32-x64\server\plugins\org.eclipse.equinox.launcher_1.7.0.v20250519-0528.jar
Launcher Type: SUN_STANDARD

[Global flags]
    uintx AdaptiveSizePolicyWeight                 = 90                                        {product} {command line}
     intx CICompilerCount                          = 4                                         {product} {ergonomic}
    uintx GCTimeRatio                              = 4                                         {product} {command line}
     bool HeapDumpOnOutOfMemoryError               = true                                   {manageable} {command line}
    ccstr HeapDumpPath                             = c:\Users\gudis\AppData\Roaming\Code\User\workspaceStorage\cfdb1395cd505deee60dbbe02171b355\redhat.java         {manageable} {command line}
   size_t InitialHeapSize                          = 104857600                                 {product} {command line}
   size_t MaxHeapSize                              = 2147483648                                {product} {command line}
   size_t MaxNewSize                               = 715653120                                 {product} {ergonomic}
   size_t MinHeapDeltaBytes                        = 524288                                    {product} {ergonomic}
   size_t MinHeapSize                              = 104857600                                 {product} {command line}
   size_t NewSize                                  = 34603008                                  {product} {ergonomic}
    uintx NonNMethodCodeHeapSize                   = 5839372                                {pd product} {ergonomic}
    uintx NonProfiledCodeHeapSize                  = 122909434                              {pd product} {ergonomic}
   size_t OldSize                                  = 70254592                                  {product} {ergonomic}
    uintx ProfiledCodeHeapSize                     = 122909434                              {pd product} {ergonomic}
    uintx ReservedCodeCacheSize                    = 251658240                              {pd product} {ergonomic}
     bool SegmentedCodeCache                       = true                                      {product} {ergonomic}
   size_t SoftMaxHeapSize                          = 2147483648                             {manageable} {ergonomic}
     bool UseCompressedOops                        = true                           {product lp64_product} {ergonomic}
     bool UseLargePagesIndividualAllocation        = false                                  {pd product} {ergonomic}
     bool UseParallelGC                            = true                                      {product} {command line}

Logging:
Log output configuration:
 #0: stdout all=off uptime,level,tags foldmultilines=false
 #1: stderr all=off uptime,level,tags foldmultilines=false

Environment Variables:
JAVA_HOME=C:\Program Files\Eclipse Adoptium\jdk-17.0.16.8-hotspot
PATH=C:\Program Files\Eclipse Adoptium\jdk-17.0.16.8-hotspot\bin;C:\WINDOWS\system32;C:\WINDOWS;C:\WINDOWS\System32\Wbem;C:\WINDOWS\System32\WindowsPowerShell\v1.0\;C:\WINDOWS\System32\OpenSSH\;C:\ProgramData\chocolatey\bin;C:\Program Files\nodejs\;C:\Git;C:\Program Files\Git\cmd;C:\Program Files\Eclipse Adoptium\jdk-17.0.16.8-hotspot\bin;C:\WINDOWS\system32;C:\WINDOWS;C:\WINDOWS\System32\Wbem;C:\WINDOWS\System32\WindowsPowerShell\v1.0\;C:\WINDOWS\System32\OpenSSH\;E:\java\apache-maven-3.8.5\bin;C:\ProgramData\chocolatey\bin;C:\Program Files\nodejs\;C:\Program Files\Git\cmd;C:\Users\gudis\AppData\Local\Microsoft\WindowsApps;C:\Program Files\heroku\bin;C:\Program Files\spring-boot-cli-2.1.8.RELEASE-bin (1)\spring-2.1.8.RELEASE\bin;C:\Program Files\MySQL\MySQL Workbench 8.0;C:\Program Files\Java\jdk-13.0.2\bin;E:\IntelliJ IDEA Community Edition 2024.1.4\bin;C:\Program Files\Oracle\VirtualBox;C:\Users\gudis\AppData\Roaming\npm;C:\Users\gudis\AppData\Local\Programs\Microsoft VS Code\bin;C:\Users\gudis\AppData\Local\Android\Sdk\platform-tools;C:\Users\gudis\AppData\Local\GitHubDesktop\bin;C:\Users\gudis\platform-tools;C:\Users\gudis\AppData\Local\Android\Sdk\platform-tools;C:\Users\gudis\AppData\Local\Android\Sdk\emulator;C:\Users\gudis\AppData\Local\Android\Sdk\tools;C:\Users\gudis\AppData\Local\Android\Sdk\platform-tools;
USERNAME=gudis
OS=Windows_NT
PROCESSOR_IDENTIFIER=Intel64 Family 6 Model 140 Stepping 1, GenuineIntel
TMP=C:\Users\gudis\AppData\Local\Temp
TEMP=C:\Users\gudis\AppData\Local\Temp




Periodic native trim disabled

---------------  S Y S T E M  ---------------

OS:
 Windows 11 , 64 bit Build 22000 (10.0.22000.2538)
OS uptime: 1 days 0:04 hours
Hyper-V role detected

CPU: total 8 (initial active 8) (4 cores per cpu, 2 threads per core) family 6 model 140 stepping 1 microcode 0x8a, cx8, cmov, fxsr, ht, mmx, 3dnowpref, sse, sse2, sse3, ssse3, sse4.1, sse4.2, popcnt, lzcnt, tsc, tscinvbit, avx, avx2, aes, erms, clmul, bmi1, bmi2, adx, avx512f, avx512dq, avx512cd, avx512bw, avx512vl, sha, fma, vzeroupper, avx512_vpopcntdq, avx512_vpclmulqdq, avx512_vaes, avx512_vnni, clflush, clflushopt, clwb, avx512_vbmi2, avx512_vbmi, hv, rdtscp, rdpid, fsrm, gfni, avx512_bitalg, f16c, cet_ibt, cet_ss, avx512_ifma
Processor Information for the first 8 processors :
  Max Mhz: 2803, Current Mhz: 2803, Mhz Limit: 2803

Memory: 4k page, system-wide physical 16183M (194M free)
TotalPageFile size 20581M (AvailPageFile size 0M)
current process WorkingSet (physical memory assigned to process): 421M, peak: 576M
current process commit charge ("private bytes"): 649M, peak: 650M

vm_info: OpenJDK 64-Bit Server VM (21.0.8+9-LTS) for windows-amd64 JRE (21.0.8+9-LTS), built on 2025-07-15T00:00:00Z by "admin" with MS VC++ 17.7 (VS2022)

END.
